<?xml version="1.0" encoding="UTF-8"?>
<testsuite xmlns:xsi="http://www.w3.org/2001/XMLSchema-instance" xsi:noNamespaceSchemaLocation="https://maven.apache.org/surefire/maven-surefire-plugin/xsd/surefire-test-report.xsd" version="3.0.1" name="com.example.demo.junit_testing_20.StudentServiceTest" time="0.047" tests="10" errors="0" skipped="1" failures="2">
  <properties>
[...]
</properties>
  <testcase name="testPrivateMethod" classname="com.example.demo.junit_testing_20.StudentServiceTest" time="0.011">
    <failure message="expected: &lt;ramesh,suresh&gt; but was: &lt;rameshsuresh&gt;" type="org.opentest4j.AssertionFailedError"><![CDATA[org.opentest4j.AssertionFailedError: expected: <ramesh,suresh> but was: <rameshsuresh>
	at org.junit.jupiter.api.AssertionFailureBuilder.build(AssertionFailureBuilder.java:151)
	at org.junit.jupiter.api.AssertionFailureBuilder.buildAndThrow(AssertionFailureBuilder.java:132)
	at org.junit.jupiter.api.AssertEquals.failNotEqual(AssertEquals.java:197)
	at org.junit.jupiter.api.AssertEquals.assertEquals(AssertEquals.java:182)
	at org.junit.jupiter.api.AssertEquals.assertEquals(AssertEquals.java:177)
	at org.junit.jupiter.api.Assertions.assertEquals(Assertions.java:1145)
	at com.example.demo.junit_testing_20.StudentServiceTest.testPrivateMethod(StudentServiceTest.java:91)
	at java.base/java.lang.reflect.Method.invoke(Method.java:568)
	at java.base/java.util.ArrayList.forEach(ArrayList.java:1511)
	at java.base/java.util.ArrayList.forEach(ArrayList.java:1511)
]]></failure>
    <system-out><![CDATA[Before All Called ========
BEFORE EACH Called @@@@@@=>testPrivateMethodCalled
AFTER EACH Called @@@@@@=>testPrivateMethodCalled
]]></system-out>
  </testcase>
  <testcase name="testGetMessageOtherFeatures" classname="com.example.demo.junit_testing_20.StudentServiceTest" time="0.003">
    <system-out><![CDATA[BEFORE EACH Called @@@@@@=>testGetMessageOtherFeaturesCalled
AFTER EACH Called @@@@@@=>testGetMessageOtherFeaturesCalled
]]></system-out>
  </testcase>
  <testcase name="dummyTest" classname="com.example.demo.junit_testing_20.StudentServiceTest" time="0.0">
    <skipped message="void com.example.demo.junit_testing_20.StudentServiceTest.dummyTest() is @Disabled"/>
  </testcase>
  <testcase name="testDoesNotAcceptDuplicate" classname="com.example.demo.junit_testing_20.StudentServiceTest" time="0.001">
    <system-out><![CDATA[BEFORE EACH Called @@@@@@=>testDoesNotAcceptDuplicateCalled
AFTER EACH Called @@@@@@=>testDoesNotAcceptDuplicateCalled
]]></system-out>
  </testcase>
  <testcase name="testDoesNotAcceptDuplicate" classname="com.example.demo.junit_testing_20.StudentServiceTest" time="0.001">
    <failure message="expected: &lt;true&gt; but was: &lt;false&gt;" type="org.opentest4j.AssertionFailedError"><![CDATA[org.opentest4j.AssertionFailedError: expected: <true> but was: <false>
	at org.junit.jupiter.api.AssertionFailureBuilder.build(AssertionFailureBuilder.java:151)
	at org.junit.jupiter.api.AssertionFailureBuilder.buildAndThrow(AssertionFailureBuilder.java:132)
	at org.junit.jupiter.api.AssertEquals.failNotEqual(AssertEquals.java:197)
	at org.junit.jupiter.api.AssertEquals.assertEquals(AssertEquals.java:182)
	at org.junit.jupiter.api.AssertEquals.assertEquals(AssertEquals.java:177)
	at org.junit.jupiter.api.Assertions.assertEquals(Assertions.java:1145)
	at com.example.demo.junit_testing_20.StudentServiceTest.testDoesNotAcceptDuplicate(StudentServiceTest.java:137)
	at java.base/java.lang.reflect.Method.invoke(Method.java:568)
	at java.base/java.util.stream.ForEachOps$ForEachOp$OfRef.accept(ForEachOps.java:183)
	at java.base/java.util.stream.ReferencePipeline$3$1.accept(ReferencePipeline.java:197)
	at java.base/java.util.stream.ReferencePipeline$2$1.accept(ReferencePipeline.java:179)
	at java.base/java.util.stream.ReferencePipeline$3$1.accept(ReferencePipeline.java:197)
	at java.base/java.util.stream.ForEachOps$ForEachOp$OfRef.accept(ForEachOps.java:183)
	at java.base/java.util.stream.ReferencePipeline$3$1.accept(ReferencePipeline.java:197)
	at java.base/java.util.stream.IntPipeline$1$1.accept(IntPipeline.java:180)
	at java.base/java.util.stream.Streams$RangeIntSpliterator.forEachRemaining(Streams.java:108)
	at java.base/java.util.Spliterator$OfInt.forEachRemaining(Spliterator.java:711)
	at java.base/java.util.stream.AbstractPipeline.copyInto(AbstractPipeline.java:509)
	at java.base/java.util.stream.AbstractPipeline.wrapAndCopyInto(AbstractPipeline.java:499)
	at java.base/java.util.stream.ForEachOps$ForEachOp.evaluateSequential(ForEachOps.java:150)
	at java.base/java.util.stream.ForEachOps$ForEachOp$OfRef.evaluateSequential(ForEachOps.java:173)
	at java.base/java.util.stream.AbstractPipeline.evaluate(AbstractPipeline.java:234)
	at java.base/java.util.stream.ReferencePipeline.forEach(ReferencePipeline.java:596)
	at java.base/java.util.stream.ReferencePipeline$7$1.accept(ReferencePipeline.java:276)
	at java.base/java.util.ArrayList$ArrayListSpliterator.forEachRemaining(ArrayList.java:1625)
	at java.base/java.util.stream.AbstractPipeline.copyInto(AbstractPipeline.java:509)
	at java.base/java.util.stream.AbstractPipeline.wrapAndCopyInto(AbstractPipeline.java:499)
	at java.base/java.util.stream.ForEachOps$ForEachOp.evaluateSequential(ForEachOps.java:150)
	at java.base/java.util.stream.ForEachOps$ForEachOp$OfRef.evaluateSequential(ForEachOps.java:173)
	at java.base/java.util.stream.AbstractPipeline.evaluate(AbstractPipeline.java:234)
	at java.base/java.util.stream.ReferencePipeline.forEach(ReferencePipeline.java:596)
	at java.base/java.util.ArrayList.forEach(ArrayList.java:1511)
	at java.base/java.util.ArrayList.forEach(ArrayList.java:1511)
]]></failure>
    <system-out><![CDATA[BEFORE EACH Called @@@@@@=>testDoesNotAcceptDuplicateCalled
AFTER EACH Called @@@@@@=>testDoesNotAcceptDuplicateCalled
]]></system-out>
  </testcase>
  <testcase name="testGetNameMethod(int)[1]" classname="com.example.demo.junit_testing_20.StudentServiceTest" time="0.002">
    <system-out><![CDATA[BEFORE EACH Called @@@@@@=>testGetNameMethodCalled
AFTER EACH Called @@@@@@=>testGetNameMethodCalled
]]></system-out>
  </testcase>
  <testcase name="testGetNameMethod(int)[2]" classname="com.example.demo.junit_testing_20.StudentServiceTest" time="0.0">
    <system-out><![CDATA[BEFORE EACH Called @@@@@@=>testGetNameMethodCalled
AFTER EACH Called @@@@@@=>testGetNameMethodCalled
]]></system-out>
  </testcase>
  <testcase name="testGetNameMethod(int)[3]" classname="com.example.demo.junit_testing_20.StudentServiceTest" time="0.0">
    <system-out><![CDATA[BEFORE EACH Called @@@@@@=>testGetNameMethodCalled
AFTER EACH Called @@@@@@=>testGetNameMethodCalled
]]></system-out>
  </testcase>
  <testcase name="testAssignGrade" classname="com.example.demo.junit_testing_20.StudentServiceTest" time="0.0">
    <system-out><![CDATA[BEFORE EACH Called @@@@@@=>testAssignGradeCalled
AFTER EACH Called @@@@@@=>testAssignGradeCalled
]]></system-out>
  </testcase>
  <testcase name="testGetMessage" classname="com.example.demo.junit_testing_20.StudentServiceTest" time="0.001">
    <system-out><![CDATA[BEFORE EACH Called @@@@@@=>testGetMessageCalled
AFTER EACH Called @@@@@@=>testGetMessageCalled
]]></system-out>
  </testcase>
</testsuite>