<?xml version="1.0" encoding="UTF-8"?>
<testsuite xmlns:xsi="http://www.w3.org/2001/XMLSchema-instance" xsi:noNamespaceSchemaLocation="https://maven.apache.org/surefire/maven-surefire-plugin/xsd/surefire-test-report.xsd" version="3.0.1" name="com.example.demo.junit_testing_20.StudentServiceTest" time="0.047" tests="10" errors="0" skipped="1" failures="2">
  <properties>
    <property name="java.specification.version" value="17"/>
    <property name="sun.jnu.encoding" value="UTF-8"/>
    <property name="java.class.path" value="/Users/srivatsan/git/jan_26/junit_testing_20/target/test-classes:/Users/srivatsan/git/jan_26/junit_testing_20/target/classes:/Users/srivatsan/.m2/repository/org/junit/jupiter/junit-jupiter-api/5.11.0/junit-jupiter-api-5.11.0.jar:/Users/srivatsan/.m2/repository/org/opentest4j/opentest4j/1.3.0/opentest4j-1.3.0.jar:/Users/srivatsan/.m2/repository/org/junit/platform/junit-platform-commons/1.11.0/junit-platform-commons-1.11.0.jar:/Users/srivatsan/.m2/repository/org/apiguardian/apiguardian-api/1.1.2/apiguardian-api-1.1.2.jar:/Users/srivatsan/.m2/repository/org/junit/jupiter/junit-jupiter-params/5.11.0/junit-jupiter-params-5.11.0.jar:"/>
    <property name="java.vm.vendor" value="Oracle Corporation"/>
    <property name="sun.arch.data.model" value="64"/>
    <property name="java.vendor.url" value="https://java.oracle.com/"/>
    <property name="os.name" value="Mac OS X"/>
    <property name="java.vm.specification.version" value="17"/>
    <property name="user.country" value="GB"/>
    <property name="sun.java.launcher" value="SUN_STANDARD"/>
    <property name="sun.boot.library.path" value="/Library/Java/JavaVirtualMachines/jdk-17.jdk/Contents/Home/lib"/>
    <property name="sun.java.command" value="/Users/srivatsan/git/jan_26/junit_testing_20/target/surefire/surefirebooter-20260127151126945_3.jar /Users/srivatsan/git/jan_26/junit_testing_20/target/surefire 2026-01-27T15-11-26_908-jvmRun1 surefire-20260127151126945_1tmp surefire_0-20260127151126945_2tmp"/>
    <property name="http.nonProxyHosts" value="local|*.local|169.254/16|*.169.254/16"/>
    <property name="jdk.debug" value="release"/>
    <property name="surefire.test.class.path" value="/Users/srivatsan/git/jan_26/junit_testing_20/target/test-classes:/Users/srivatsan/git/jan_26/junit_testing_20/target/classes:/Users/srivatsan/.m2/repository/org/junit/jupiter/junit-jupiter-api/5.11.0/junit-jupiter-api-5.11.0.jar:/Users/srivatsan/.m2/repository/org/opentest4j/opentest4j/1.3.0/opentest4j-1.3.0.jar:/Users/srivatsan/.m2/repository/org/junit/platform/junit-platform-commons/1.11.0/junit-platform-commons-1.11.0.jar:/Users/srivatsan/.m2/repository/org/apiguardian/apiguardian-api/1.1.2/apiguardian-api-1.1.2.jar:/Users/srivatsan/.m2/repository/org/junit/jupiter/junit-jupiter-params/5.11.0/junit-jupiter-params-5.11.0.jar:"/>
    <property name="sun.cpu.endian" value="little"/>
    <property name="user.home" value="/Users/srivatsan"/>
    <property name="user.language" value="en"/>
    <property name="java.specification.vendor" value="Oracle Corporation"/>
    <property name="java.version.date" value="2023-07-18"/>
    <property name="java.home" value="/Library/Java/JavaVirtualMachines/jdk-17.jdk/Contents/Home"/>
    <property name="file.separator" value="/"/>
    <property name="style.color" value="always"/>
    <property name="basedir" value="/Users/srivatsan/git/jan_26/junit_testing_20"/>
    <property name="java.vm.compressedOopsMode" value="Zero based"/>
    <property name="line.separator" value="&#10;"/>
    <property name="java.vm.specification.vendor" value="Oracle Corporation"/>
    <property name="java.specification.name" value="Java Platform API Specification"/>
    <property name="surefire.real.class.path" value="/Users/srivatsan/git/jan_26/junit_testing_20/target/surefire/surefirebooter-20260127151126945_3.jar"/>
    <property name="sun.management.compiler" value="HotSpot 64-Bit Tiered Compilers"/>
    <property name="ftp.nonProxyHosts" value="local|*.local|169.254/16|*.169.254/16"/>
    <property name="java.runtime.version" value="17.0.8+9-LTS-211"/>
    <property name="user.name" value="srivatsan"/>
    <property name="path.separator" value=":"/>
    <property name="os.version" value="26.2"/>
    <property name="java.runtime.name" value="Java(TM) SE Runtime Environment"/>
    <property name="file.encoding" value="UTF-8"/>
    <property name="java.vm.name" value="Java HotSpot(TM) 64-Bit Server VM"/>
    <property name="testFailureIgnore" value="true"/>
    <property name="localRepository" value="/Users/srivatsan/.m2/repository"/>
    <property name="java.vendor.url.bug" value="https://bugreport.java.com/bugreport/"/>
    <property name="java.io.tmpdir" value="/var/folders/dv/vmljfmvs6g15rxz7kq6dpl6w0000gn/T/"/>
    <property name="java.version" value="17.0.8"/>
    <property name="user.dir" value="/Users/srivatsan/git/jan_26/junit_testing_20"/>
    <property name="os.arch" value="aarch64"/>
    <property name="java.vm.specification.name" value="Java Virtual Machine Specification"/>
    <property name="native.encoding" value="UTF-8"/>
    <property name="java.library.path" value="/Users/srivatsan/Library/Java/Extensions:/Library/Java/Extensions:/Network/Library/Java/Extensions:/System/Library/Java/Extensions:/usr/lib/java:."/>
    <property name="java.vm.info" value="mixed mode, sharing"/>
    <property name="java.vendor" value="Oracle Corporation"/>
    <property name="java.vm.version" value="17.0.8+9-LTS-211"/>
    <property name="sun.io.unicode.encoding" value="UnicodeBig"/>
    <property name="socksNonProxyHosts" value="local|*.local|169.254/16|*.169.254/16"/>
    <property name="java.class.version" value="61.0"/>
  </properties>
  <testcase name="testPrivateMethod" classname="com.example.demo.junit_testing_20.StudentServiceTest" time="0.011">
    <failure message="expected: &lt;ramesh,suresh&gt; but was: &lt;rameshsuresh&gt;" type="org.opentest4j.AssertionFailedError"><![CDATA[org.opentest4j.AssertionFailedError: expected: <ramesh,suresh> but was: <rameshsuresh>
	at org.junit.jupiter.api.AssertionFailureBuilder.build(AssertionFailureBuilder.java:151)
	at org.junit.jupiter.api.AssertionFailureBuilder.buildAndThrow(AssertionFailureBuilder.java:132)
	at org.junit.jupiter.api.AssertEquals.failNotEqual(AssertEquals.java:197)
	at org.junit.jupiter.api.AssertEquals.assertEquals(AssertEquals.java:182)
	at org.junit.jupiter.api.AssertEquals.assertEquals(AssertEquals.java:177)
	at org.junit.jupiter.api.Assertions.assertEquals(Assertions.java:1145)
	at com.example.demo.junit_testing_20.StudentServiceTest.testPrivateMethod(StudentServiceTest.java:91)
	at java.base/java.lang.reflect.Method.invoke(Method.java:568)
	at java.base/java.util.ArrayList.forEach(ArrayList.java:1511)
	at java.base/java.util.ArrayList.forEach(ArrayList.java:1511)
]]></failure>
    <system-out><![CDATA[Before All Called ========
BEFORE EACH Called @@@@@@=>testPrivateMethodCalled
AFTER EACH Called @@@@@@=>testPrivateMethodCalled
]]></system-out>
  </testcase>
  <testcase name="testGetMessageOtherFeatures" classname="com.example.demo.junit_testing_20.StudentServiceTest" time="0.003">
    <system-out><![CDATA[BEFORE EACH Called @@@@@@=>testGetMessageOtherFeaturesCalled
AFTER EACH Called @@@@@@=>testGetMessageOtherFeaturesCalled
]]></system-out>
  </testcase>
  <testcase name="dummyTest" classname="com.example.demo.junit_testing_20.StudentServiceTest" time="0.0">
    <skipped message="void com.example.demo.junit_testing_20.StudentServiceTest.dummyTest() is @Disabled"/>
  </testcase>
  <testcase name="testDoesNotAcceptDuplicate" classname="com.example.demo.junit_testing_20.StudentServiceTest" time="0.001">
    <system-out><![CDATA[BEFORE EACH Called @@@@@@=>testDoesNotAcceptDuplicateCalled
AFTER EACH Called @@@@@@=>testDoesNotAcceptDuplicateCalled
]]></system-out>
  </testcase>
  <testcase name="testDoesNotAcceptDuplicate" classname="com.example.demo.junit_testing_20.StudentServiceTest" time="0.001">
    <failure message="expected: &lt;true&gt; but was: &lt;false&gt;" type="org.opentest4j.AssertionFailedError"><![CDATA[org.opentest4j.AssertionFailedError: expected: <true> but was: <false>
	at org.junit.jupiter.api.AssertionFailureBuilder.build(AssertionFailureBuilder.java:151)
	at org.junit.jupiter.api.AssertionFailureBuilder.buildAndThrow(AssertionFailureBuilder.java:132)
	at org.junit.jupiter.api.AssertEquals.failNotEqual(AssertEquals.java:197)
	at org.junit.jupiter.api.AssertEquals.assertEquals(AssertEquals.java:182)
	at org.junit.jupiter.api.AssertEquals.assertEquals(AssertEquals.java:177)
	at org.junit.jupiter.api.Assertions.assertEquals(Assertions.java:1145)
	at com.example.demo.junit_testing_20.StudentServiceTest.testDoesNotAcceptDuplicate(StudentServiceTest.java:137)
	at java.base/java.lang.reflect.Method.invoke(Method.java:568)
	at java.base/java.util.stream.ForEachOps$ForEachOp$OfRef.accept(ForEachOps.java:183)
	at java.base/java.util.stream.ReferencePipeline$3$1.accept(ReferencePipeline.java:197)
	at java.base/java.util.stream.ReferencePipeline$2$1.accept(ReferencePipeline.java:179)
	at java.base/java.util.stream.ReferencePipeline$3$1.accept(ReferencePipeline.java:197)
	at java.base/java.util.stream.ForEachOps$ForEachOp$OfRef.accept(ForEachOps.java:183)
	at java.base/java.util.stream.ReferencePipeline$3$1.accept(ReferencePipeline.java:197)
	at java.base/java.util.stream.IntPipeline$1$1.accept(IntPipeline.java:180)
	at java.base/java.util.stream.Streams$RangeIntSpliterator.forEachRemaining(Streams.java:108)
	at java.base/java.util.Spliterator$OfInt.forEachRemaining(Spliterator.java:711)
	at java.base/java.util.stream.AbstractPipeline.copyInto(AbstractPipeline.java:509)
	at java.base/java.util.stream.AbstractPipeline.wrapAndCopyInto(AbstractPipeline.java:499)
	at java.base/java.util.stream.ForEachOps$ForEachOp.evaluateSequential(ForEachOps.java:150)
	at java.base/java.util.stream.ForEachOps$ForEachOp$OfRef.evaluateSequential(ForEachOps.java:173)
	at java.base/java.util.stream.AbstractPipeline.evaluate(AbstractPipeline.java:234)
	at java.base/java.util.stream.ReferencePipeline.forEach(ReferencePipeline.java:596)
	at java.base/java.util.stream.ReferencePipeline$7$1.accept(ReferencePipeline.java:276)
	at java.base/java.util.ArrayList$ArrayListSpliterator.forEachRemaining(ArrayList.java:1625)
	at java.base/java.util.stream.AbstractPipeline.copyInto(AbstractPipeline.java:509)
	at java.base/java.util.stream.AbstractPipeline.wrapAndCopyInto(AbstractPipeline.java:499)
	at java.base/java.util.stream.ForEachOps$ForEachOp.evaluateSequential(ForEachOps.java:150)
	at java.base/java.util.stream.ForEachOps$ForEachOp$OfRef.evaluateSequential(ForEachOps.java:173)
	at java.base/java.util.stream.AbstractPipeline.evaluate(AbstractPipeline.java:234)
	at java.base/java.util.stream.ReferencePipeline.forEach(ReferencePipeline.java:596)
	at java.base/java.util.ArrayList.forEach(ArrayList.java:1511)
	at java.base/java.util.ArrayList.forEach(ArrayList.java:1511)
]]></failure>
    <system-out><![CDATA[BEFORE EACH Called @@@@@@=>testDoesNotAcceptDuplicateCalled
AFTER EACH Called @@@@@@=>testDoesNotAcceptDuplicateCalled
]]></system-out>
  </testcase>
  <testcase name="testGetNameMethod(int)[1]" classname="com.example.demo.junit_testing_20.StudentServiceTest" time="0.002">
    <system-out><![CDATA[BEFORE EACH Called @@@@@@=>testGetNameMethodCalled
AFTER EACH Called @@@@@@=>testGetNameMethodCalled
]]></system-out>
  </testcase>
  <testcase name="testGetNameMethod(int)[2]" classname="com.example.demo.junit_testing_20.StudentServiceTest" time="0.0">
    <system-out><![CDATA[BEFORE EACH Called @@@@@@=>testGetNameMethodCalled
AFTER EACH Called @@@@@@=>testGetNameMethodCalled
]]></system-out>
  </testcase>
  <testcase name="testGetNameMethod(int)[3]" classname="com.example.demo.junit_testing_20.StudentServiceTest" time="0.0">
    <system-out><![CDATA[BEFORE EACH Called @@@@@@=>testGetNameMethodCalled
AFTER EACH Called @@@@@@=>testGetNameMethodCalled
]]></system-out>
  </testcase>
  <testcase name="testAssignGrade" classname="com.example.demo.junit_testing_20.StudentServiceTest" time="0.0">
    <system-out><![CDATA[BEFORE EACH Called @@@@@@=>testAssignGradeCalled
AFTER EACH Called @@@@@@=>testAssignGradeCalled
]]></system-out>
  </testcase>
  <testcase name="testGetMessage" classname="com.example.demo.junit_testing_20.StudentServiceTest" time="0.001">
    <system-out><![CDATA[BEFORE EACH Called @@@@@@=>testGetMessageCalled
AFTER EACH Called @@@@@@=>testGetMessageCalled
]]></system-out>
  </testcase>
</testsuite>